<?xml version="1.0" encoding="UTF-8"?>
<!-- Generated by org.testng.reporters.JUnitXMLReporter -->
<testsuite hostname="Alenas-MacBook.local" ignored="0" name="Prime Number Checker with Allure Report" tests="10" failures="0" timestamp="2020-04-27T05:38:14 PDT" time="1.12" errors="0">
  <testcase name="test" time="0.276" classname="core.PrimeNumberCheckerTest"/>
  <testcase name="test" time="0.024" classname="core.PrimeNumberCheckerTest"/>
  <testcase name="test" time="0.018" classname="core.PrimeNumberCheckerTest"/>
  <testcase name="test" time="0.012" classname="core.PrimeNumberCheckerTest"/>
  <testcase name="test" time="0.005" classname="core.PrimeNumberCheckerTest"/>
  <testcase name="test" time="0.044" classname="core.PrimeNumberCheckerTest"/>
  <testcase name="test" time="0.004" classname="core.PrimeNumberCheckerTest"/>
  <testcase name="test" time="0.004" classname="core.PrimeNumberCheckerTest"/>
  <testcase name="test" time="0.01" classname="core.PrimeNumberCheckerTest"/>
  <testcase name="test" time="0.004" classname="core.PrimeNumberCheckerTest"/>
</testsuite> <!-- Prime Number Checker with Allure Report -->
