<?xml version="1.0" encoding="UTF-8"?>
<testng-results skipped="0" failed="0" ignored="0" total="99" passed="99">
  <reporter-output>
  </reporter-output>
  <suite name="Default suite" duration-ms="10280" started-at="2020-04-27T05:32:35 PDT" finished-at="2020-04-27T05:32:45 PDT">
    <groups>
    </groups>
    <test name="Default test" duration-ms="10280" started-at="2020-04-27T05:32:35 PDT" finished-at="2020-04-27T05:32:45 PDT">
      <class name="core.PrimeNumberCheckerTest">
        <test-method status="PASS" signature="test(java.lang.String, java.lang.String, java.lang.String)[pri:0, instance:core.PrimeNumberCheckerTest@751d3241]" name="test" duration-ms="763" started-at="2020-04-27T05:32:36 PDT" data-provider="Prime Numbers" finished-at="2020-04-27T05:32:36 PDT">
          <params>
            <param index="0">
              <value>
                <![CDATA[TC-01.01 (2 is prime number)]]>
              </value>
            </param>
            <param index="1">
              <value>
                <![CDATA[2]]>
              </value>
            </param>
            <param index="2">
              <value>
                <![CDATA[true]]>
              </value>
            </param>
          </params>
          <reporter-output>
          </reporter-output>
        </test-method> <!-- test -->
        <test-method status="PASS" signature="test(java.lang.String, java.lang.String, java.lang.String)[pri:0, instance:core.PrimeNumberCheckerTest@751d3241]" name="test" duration-ms="178" started-at="2020-04-27T05:32:40 PDT" data-provider="Prime Numbers" finished-at="2020-04-27T05:32:40 PDT">
          <params>
            <param index="0">
              <value>
                <![CDATA[TC-01.02 (3 is prime number)]]>
              </value>
            </param>
            <param index="1">
              <value>
                <![CDATA[3]]>
              </value>
            </param>
            <param index="2">
              <value>
                <![CDATA[true]]>
              </value>
            </param>
          </params>
          <reporter-output>
          </reporter-output>
        </test-method> <!-- test -->
        <test-method status="PASS" signature="test(java.lang.String, java.lang.String, java.lang.String)[pri:0, instance:core.PrimeNumberCheckerTest@751d3241]" name="test" duration-ms="105" started-at="2020-04-27T05:32:40 PDT" data-provider="Prime Numbers" finished-at="2020-04-27T05:32:40 PDT">
          <params>
            <param index="0">
              <value>
                <![CDATA[TC-01.03 (4 is not prime number)]]>
              </value>
            </param>
            <param index="1">
              <value>
                <![CDATA[4]]>
              </value>
            </param>
            <param index="2">
              <value>
                <![CDATA[false]]>
              </value>
            </param>
          </params>
          <reporter-output>
          </reporter-output>
        </test-method> <!-- test -->
        <test-method status="PASS" signature="test(java.lang.String, java.lang.String, java.lang.String)[pri:0, instance:core.PrimeNumberCheckerTest@751d3241]" name="test" duration-ms="19" started-at="2020-04-27T05:32:40 PDT" data-provider="Prime Numbers" finished-at="2020-04-27T05:32:40 PDT">
          <params>
            <param index="0">
              <value>
                <![CDATA[TC-01.04 (5 is prime number)]]>
              </value>
            </param>
            <param index="1">
              <value>
                <![CDATA[5]]>
              </value>
            </param>
            <param index="2">
              <value>
                <![CDATA[true]]>
              </value>
            </param>
          </params>
          <reporter-output>
          </reporter-output>
        </test-method> <!-- test -->
        <test-method status="PASS" signature="test(java.lang.String, java.lang.String, java.lang.String)[pri:0, instance:core.PrimeNumberCheckerTest@751d3241]" name="test" duration-ms="144" started-at="2020-04-27T05:32:40 PDT" data-provider="Prime Numbers" finished-at="2020-04-27T05:32:40 PDT">
          <params>
            <param index="0">
              <value>
                <![CDATA[TC-01.05 (6 is not prime number)]]>
              </value>
            </param>
            <param index="1">
              <value>
                <![CDATA[6]]>
              </value>
            </param>
            <param index="2">
              <value>
                <![CDATA[false]]>
              </value>
            </param>
          </params>
          <reporter-output>
          </reporter-output>
        </test-method> <!-- test -->
        <test-method status="PASS" signature="test(java.lang.String, java.lang.String, java.lang.String)[pri:0, instance:core.PrimeNumberCheckerTest@751d3241]" name="test" duration-ms="120" started-at="2020-04-27T05:32:40 PDT" data-provider="Prime Numbers" finished-at="2020-04-27T05:32:40 PDT">
          <params>
            <param index="0">
              <value>
                <![CDATA[TC-01.06 (7 is prime number)]]>
              </value>
            </param>
            <param index="1">
              <value>
                <![CDATA[7]]>
              </value>
            </param>
            <param index="2">
              <value>
                <![CDATA[true]]>
              </value>
            </param>
          </params>
          <reporter-output>
          </reporter-output>
        </test-method> <!-- test -->
        <test-method status="PASS" signature="test(java.lang.String, java.lang.String, java.lang.String)[pri:0, instance:core.PrimeNumberCheckerTest@751d3241]" name="test" duration-ms="148" started-at="2020-04-27T05:32:40 PDT" data-provider="Prime Numbers" finished-at="2020-04-27T05:32:41 PDT">
          <params>
            <param index="0">
              <value>
                <![CDATA[TC-01.07 (8 is not prime number)]]>
              </value>
            </param>
            <param index="1">
              <value>
                <![CDATA[8]]>
              </value>
            </param>
            <param index="2">
              <value>
                <![CDATA[false]]>
              </value>
            </param>
          </params>
          <reporter-output>
          </reporter-output>
        </test-method> <!-- test -->
        <test-method status="PASS" signature="test(java.lang.String, java.lang.String, java.lang.String)[pri:0, instance:core.PrimeNumberCheckerTest@751d3241]" name="test" duration-ms="263" started-at="2020-04-27T05:32:41 PDT" data-provider="Prime Numbers" finished-at="2020-04-27T05:32:41 PDT">
          <params>
            <param index="0">
              <value>
                <![CDATA[TC-01.08 (9 is not prime number)]]>
              </value>
            </param>
            <param index="1">
              <value>
                <![CDATA[9]]>
              </value>
            </param>
            <param index="2">
              <value>
                <![CDATA[false]]>
              </value>
            </param>
          </params>
          <reporter-output>
          </reporter-output>
        </test-method> <!-- test -->
        <test-method status="PASS" signature="test(java.lang.String, java.lang.String, java.lang.String)[pri:0, instance:core.PrimeNumberCheckerTest@751d3241]" name="test" duration-ms="9" started-at="2020-04-27T05:32:41 PDT" data-provider="Prime Numbers" finished-at="2020-04-27T05:32:41 PDT">
          <params>
            <param index="0">
              <value>
                <![CDATA[TC-01.09 (10 is not prime number)]]>
              </value>
            </param>
            <param index="1">
              <value>
                <![CDATA[10]]>
              </value>
            </param>
            <param index="2">
              <value>
                <![CDATA[false]]>
              </value>
            </param>
          </params>
          <reporter-output>
          </reporter-output>
        </test-method> <!-- test -->
        <test-method status="PASS" signature="test(java.lang.String, java.lang.String, java.lang.String)[pri:0, instance:core.PrimeNumberCheckerTest@751d3241]" name="test" duration-ms="59" started-at="2020-04-27T05:32:41 PDT" data-provider="Prime Numbers" finished-at="2020-04-27T05:32:41 PDT">
          <params>
            <param index="0">
              <value>
                <![CDATA[TC-01.10 (11 is prime number)]]>
              </value>
            </param>
            <param index="1">
              <value>
                <![CDATA[11]]>
              </value>
            </param>
            <param index="2">
              <value>
                <![CDATA[true]]>
              </value>
            </param>
          </params>
          <reporter-output>
          </reporter-output>
        </test-method> <!-- test -->
        <test-method status="PASS" signature="test(java.lang.String, java.lang.String, java.lang.String)[pri:0, instance:core.PrimeNumberCheckerTest@751d3241]" name="test" duration-ms="26" started-at="2020-04-27T05:32:41 PDT" data-provider="Prime Numbers" finished-at="2020-04-27T05:32:41 PDT">
          <params>
            <param index="0">
              <value>
                <![CDATA[TC-01.11 (12 is not prime number)]]>
              </value>
            </param>
            <param index="1">
              <value>
                <![CDATA[12]]>
              </value>
            </param>
            <param index="2">
              <value>
                <![CDATA[false]]>
              </value>
            </param>
          </params>
          <reporter-output>
          </reporter-output>
        </test-method> <!-- test -->
        <test-method status="PASS" signature="test(java.lang.String, java.lang.String, java.lang.String)[pri:0, instance:core.PrimeNumberCheckerTest@751d3241]" name="test" duration-ms="24" started-at="2020-04-27T05:32:41 PDT" data-provider="Prime Numbers" finished-at="2020-04-27T05:32:41 PDT">
          <params>
            <param index="0">
              <value>
                <![CDATA[TC-01.12 (13 is prime number)]]>
              </value>
            </param>
            <param index="1">
              <value>
                <![CDATA[13]]>
              </value>
            </param>
            <param index="2">
              <value>
                <![CDATA[true]]>
              </value>
            </param>
          </params>
          <reporter-output>
          </reporter-output>
        </test-method> <!-- test -->
        <test-method status="PASS" signature="test(java.lang.String, java.lang.String, java.lang.String)[pri:0, instance:core.PrimeNumberCheckerTest@751d3241]" name="test" duration-ms="22" started-at="2020-04-27T05:32:41 PDT" data-provider="Prime Numbers" finished-at="2020-04-27T05:32:41 PDT">
          <params>
            <param index="0">
              <value>
                <![CDATA[TC-01.13 (14 is not prime number)]]>
              </value>
            </param>
            <param index="1">
              <value>
                <![CDATA[14]]>
              </value>
            </param>
            <param index="2">
              <value>
                <![CDATA[false]]>
              </value>
            </param>
          </params>
          <reporter-output>
          </reporter-output>
        </test-method> <!-- test -->
        <test-method status="PASS" signature="test(java.lang.String, java.lang.String, java.lang.String)[pri:0, instance:core.PrimeNumberCheckerTest@751d3241]" name="test" duration-ms="100" started-at="2020-04-27T05:32:41 PDT" data-provider="Prime Numbers" finished-at="2020-04-27T05:32:41 PDT">
          <params>
            <param index="0">
              <value>
                <![CDATA[TC-01.14 (15 is not prime number)]]>
              </value>
            </param>
            <param index="1">
              <value>
                <![CDATA[15]]>
              </value>
            </param>
            <param index="2">
              <value>
                <![CDATA[false]]>
              </value>
            </param>
          </params>
          <reporter-output>
          </reporter-output>
        </test-method> <!-- test -->
        <test-method status="PASS" signature="test(java.lang.String, java.lang.String, java.lang.String)[pri:0, instance:core.PrimeNumberCheckerTest@751d3241]" name="test" duration-ms="18" started-at="2020-04-27T05:32:41 PDT" data-provider="Prime Numbers" finished-at="2020-04-27T05:32:41 PDT">
          <params>
            <param index="0">
              <value>
                <![CDATA[TC-01.15 (16 is not prime number)]]>
              </value>
            </param>
            <param index="1">
              <value>
                <![CDATA[16]]>
              </value>
            </param>
            <param index="2">
              <value>
                <![CDATA[false]]>
              </value>
            </param>
          </params>
          <reporter-output>
          </reporter-output>
        </test-method> <!-- test -->
        <test-method status="PASS" signature="test(java.lang.String, java.lang.String, java.lang.String)[pri:0, instance:core.PrimeNumberCheckerTest@751d3241]" name="test" duration-ms="36" started-at="2020-04-27T05:32:41 PDT" data-provider="Prime Numbers" finished-at="2020-04-27T05:32:41 PDT">
          <params>
            <param index="0">
              <value>
                <![CDATA[TC-01.16 (17 is prime number)]]>
              </value>
            </param>
            <param index="1">
              <value>
                <![CDATA[17]]>
              </value>
            </param>
            <param index="2">
              <value>
                <![CDATA[true]]>
              </value>
            </param>
          </params>
          <reporter-output>
          </reporter-output>
        </test-method> <!-- test -->
        <test-method status="PASS" signature="test(java.lang.String, java.lang.String, java.lang.String)[pri:0, instance:core.PrimeNumberCheckerTest@751d3241]" name="test" duration-ms="37" started-at="2020-04-27T05:32:41 PDT" data-provider="Prime Numbers" finished-at="2020-04-27T05:32:41 PDT">
          <params>
            <param index="0">
              <value>
                <![CDATA[TC-01.17 (18 is not prime number)]]>
              </value>
            </param>
            <param index="1">
              <value>
                <![CDATA[18]]>
              </value>
            </param>
            <param index="2">
              <value>
                <![CDATA[false]]>
              </value>
            </param>
          </params>
          <reporter-output>
          </reporter-output>
        </test-method> <!-- test -->
        <test-method status="PASS" signature="test(java.lang.String, java.lang.String, java.lang.String)[pri:0, instance:core.PrimeNumberCheckerTest@751d3241]" name="test" duration-ms="29" started-at="2020-04-27T05:32:41 PDT" data-provider="Prime Numbers" finished-at="2020-04-27T05:32:41 PDT">
          <params>
            <param index="0">
              <value>
                <![CDATA[TC-01.18 (19 is prime number)]]>
              </value>
            </param>
            <param index="1">
              <value>
                <![CDATA[19]]>
              </value>
            </param>
            <param index="2">
              <value>
                <![CDATA[true]]>
              </value>
            </param>
          </params>
          <reporter-output>
          </reporter-output>
        </test-method> <!-- test -->
        <test-method status="PASS" signature="test(java.lang.String, java.lang.String, java.lang.String)[pri:0, instance:core.PrimeNumberCheckerTest@751d3241]" name="test" duration-ms="29" started-at="2020-04-27T05:32:41 PDT" data-provider="Prime Numbers" finished-at="2020-04-27T05:32:41 PDT">
          <params>
            <param index="0">
              <value>
                <![CDATA[TC-01.19 (20 is not prime number)]]>
              </value>
            </param>
            <param index="1">
              <value>
                <![CDATA[20]]>
              </value>
            </param>
            <param index="2">
              <value>
                <![CDATA[false]]>
              </value>
            </param>
          </params>
          <reporter-output>
          </reporter-output>
        </test-method> <!-- test -->
        <test-method status="PASS" signature="test(java.lang.String, java.lang.String, java.lang.String)[pri:0, instance:core.PrimeNumberCheckerTest@751d3241]" name="test" duration-ms="22" started-at="2020-04-27T05:32:42 PDT" data-provider="Prime Numbers" finished-at="2020-04-27T05:32:42 PDT">
          <params>
            <param index="0">
              <value>
                <![CDATA[TC-01.20 (21 is not prime number)]]>
              </value>
            </param>
            <param index="1">
              <value>
                <![CDATA[21]]>
              </value>
            </param>
            <param index="2">
              <value>
                <![CDATA[false]]>
              </value>
            </param>
          </params>
          <reporter-output>
          </reporter-output>
        </test-method> <!-- test -->
        <test-method status="PASS" signature="test(java.lang.String, java.lang.String, java.lang.String)[pri:0, instance:core.PrimeNumberCheckerTest@751d3241]" name="test" duration-ms="24" started-at="2020-04-27T05:32:42 PDT" data-provider="Prime Numbers" finished-at="2020-04-27T05:32:42 PDT">
          <params>
            <param index="0">
              <value>
                <![CDATA[TC-01.21 (22 is not prime number)]]>
              </value>
            </param>
            <param index="1">
              <value>
                <![CDATA[22]]>
              </value>
            </param>
            <param index="2">
              <value>
                <![CDATA[false]]>
              </value>
            </param>
          </params>
          <reporter-output>
          </reporter-output>
        </test-method> <!-- test -->
        <test-method status="PASS" signature="test(java.lang.String, java.lang.String, java.lang.String)[pri:0, instance:core.PrimeNumberCheckerTest@751d3241]" name="test" duration-ms="20" started-at="2020-04-27T05:32:42 PDT" data-provider="Prime Numbers" finished-at="2020-04-27T05:32:42 PDT">
          <params>
            <param index="0">
              <value>
                <![CDATA[TC-01.22 (23 is prime number)]]>
              </value>
            </param>
            <param index="1">
              <value>
                <![CDATA[23]]>
              </value>
            </param>
            <param index="2">
              <value>
                <![CDATA[true]]>
              </value>
            </param>
          </params>
          <reporter-output>
          </reporter-output>
        </test-method> <!-- test -->
        <test-method status="PASS" signature="test(java.lang.String, java.lang.String, java.lang.String)[pri:0, instance:core.PrimeNumberCheckerTest@751d3241]" name="test" duration-ms="12" started-at="2020-04-27T05:32:42 PDT" data-provider="Prime Numbers" finished-at="2020-04-27T05:32:42 PDT">
          <params>
            <param index="0">
              <value>
                <![CDATA[TC-01.23 (24 is not prime number)]]>
              </value>
            </param>
            <param index="1">
              <value>
                <![CDATA[24]]>
              </value>
            </param>
            <param index="2">
              <value>
                <![CDATA[false]]>
              </value>
            </param>
          </params>
          <reporter-output>
          </reporter-output>
        </test-method> <!-- test -->
        <test-method status="PASS" signature="test(java.lang.String, java.lang.String, java.lang.String)[pri:0, instance:core.PrimeNumberCheckerTest@751d3241]" name="test" duration-ms="11" started-at="2020-04-27T05:32:42 PDT" data-provider="Prime Numbers" finished-at="2020-04-27T05:32:42 PDT">
          <params>
            <param index="0">
              <value>
                <![CDATA[TC-01.24 (25 is not prime number)]]>
              </value>
            </param>
            <param index="1">
              <value>
                <![CDATA[25]]>
              </value>
            </param>
            <param index="2">
              <value>
                <![CDATA[false]]>
              </value>
            </param>
          </params>
          <reporter-output>
          </reporter-output>
        </test-method> <!-- test -->
        <test-method status="PASS" signature="test(java.lang.String, java.lang.String, java.lang.String)[pri:0, instance:core.PrimeNumberCheckerTest@751d3241]" name="test" duration-ms="11" started-at="2020-04-27T05:32:42 PDT" data-provider="Prime Numbers" finished-at="2020-04-27T05:32:42 PDT">
          <params>
            <param index="0">
              <value>
                <![CDATA[TC-01.25 (26 is not prime number)]]>
              </value>
            </param>
            <param index="1">
              <value>
                <![CDATA[26]]>
              </value>
            </param>
            <param index="2">
              <value>
                <![CDATA[false]]>
              </value>
            </param>
          </params>
          <reporter-output>
          </reporter-output>
        </test-method> <!-- test -->
        <test-method status="PASS" signature="test(java.lang.String, java.lang.String, java.lang.String)[pri:0, instance:core.PrimeNumberCheckerTest@751d3241]" name="test" duration-ms="21" started-at="2020-04-27T05:32:42 PDT" data-provider="Prime Numbers" finished-at="2020-04-27T05:32:42 PDT">
          <params>
            <param index="0">
              <value>
                <![CDATA[TC-01.26 (27 is not prime number)]]>
              </value>
            </param>
            <param index="1">
              <value>
                <![CDATA[27]]>
              </value>
            </param>
            <param index="2">
              <value>
                <![CDATA[false]]>
              </value>
            </param>
          </params>
          <reporter-output>
          </reporter-output>
        </test-method> <!-- test -->
        <test-method status="PASS" signature="test(java.lang.String, java.lang.String, java.lang.String)[pri:0, instance:core.PrimeNumberCheckerTest@751d3241]" name="test" duration-ms="23" started-at="2020-04-27T05:32:42 PDT" data-provider="Prime Numbers" finished-at="2020-04-27T05:32:42 PDT">
          <params>
            <param index="0">
              <value>
                <![CDATA[TC-01.27 (28 is not prime number)]]>
              </value>
            </param>
            <param index="1">
              <value>
                <![CDATA[28]]>
              </value>
            </param>
            <param index="2">
              <value>
                <![CDATA[false]]>
              </value>
            </param>
          </params>
          <reporter-output>
          </reporter-output>
        </test-method> <!-- test -->
        <test-method status="PASS" signature="test(java.lang.String, java.lang.String, java.lang.String)[pri:0, instance:core.PrimeNumberCheckerTest@751d3241]" name="test" duration-ms="24" started-at="2020-04-27T05:32:42 PDT" data-provider="Prime Numbers" finished-at="2020-04-27T05:32:42 PDT">
          <params>
            <param index="0">
              <value>
                <![CDATA[TC-01.28 (29 is prime number)]]>
              </value>
            </param>
            <param index="1">
              <value>
                <![CDATA[29]]>
              </value>
            </param>
            <param index="2">
              <value>
                <![CDATA[true]]>
              </value>
            </param>
          </params>
          <reporter-output>
          </reporter-output>
        </test-method> <!-- test -->
        <test-method status="PASS" signature="test(java.lang.String, java.lang.String, java.lang.String)[pri:0, instance:core.PrimeNumberCheckerTest@751d3241]" name="test" duration-ms="23" started-at="2020-04-27T05:32:42 PDT" data-provider="Prime Numbers" finished-at="2020-04-27T05:32:42 PDT">
          <params>
            <param index="0">
              <value>
                <![CDATA[TC-01.29 (30 is not prime number)]]>
              </value>
            </param>
            <param index="1">
              <value>
                <![CDATA[30]]>
              </value>
            </param>
            <param index="2">
              <value>
                <![CDATA[false]]>
              </value>
            </param>
          </params>
          <reporter-output>
          </reporter-output>
        </test-method> <!-- test -->
        <test-method status="PASS" signature="test(java.lang.String, java.lang.String, java.lang.String)[pri:0, instance:core.PrimeNumberCheckerTest@751d3241]" name="test" duration-ms="21" started-at="2020-04-27T05:32:42 PDT" data-provider="Prime Numbers" finished-at="2020-04-27T05:32:42 PDT">
          <params>
            <param index="0">
              <value>
                <![CDATA[TC-01.30 (31 is prime number)]]>
              </value>
            </param>
            <param index="1">
              <value>
                <![CDATA[31]]>
              </value>
            </param>
            <param index="2">
              <value>
                <![CDATA[true]]>
              </value>
            </param>
          </params>
          <reporter-output>
          </reporter-output>
        </test-method> <!-- test -->
        <test-method status="PASS" signature="test(java.lang.String, java.lang.String, java.lang.String)[pri:0, instance:core.PrimeNumberCheckerTest@751d3241]" name="test" duration-ms="9" started-at="2020-04-27T05:32:42 PDT" data-provider="Prime Numbers" finished-at="2020-04-27T05:32:42 PDT">
          <params>
            <param index="0">
              <value>
                <![CDATA[TC-01.31 (32 is not prime number)]]>
              </value>
            </param>
            <param index="1">
              <value>
                <![CDATA[32]]>
              </value>
            </param>
            <param index="2">
              <value>
                <![CDATA[false]]>
              </value>
            </param>
          </params>
          <reporter-output>
          </reporter-output>
        </test-method> <!-- test -->
        <test-method status="PASS" signature="test(java.lang.String, java.lang.String, java.lang.String)[pri:0, instance:core.PrimeNumberCheckerTest@751d3241]" name="test" duration-ms="15" started-at="2020-04-27T05:32:42 PDT" data-provider="Prime Numbers" finished-at="2020-04-27T05:32:42 PDT">
          <params>
            <param index="0">
              <value>
                <![CDATA[TC-01.32 (33 is not prime number)]]>
              </value>
            </param>
            <param index="1">
              <value>
                <![CDATA[33]]>
              </value>
            </param>
            <param index="2">
              <value>
                <![CDATA[false]]>
              </value>
            </param>
          </params>
          <reporter-output>
          </reporter-output>
        </test-method> <!-- test -->
        <test-method status="PASS" signature="test(java.lang.String, java.lang.String, java.lang.String)[pri:0, instance:core.PrimeNumberCheckerTest@751d3241]" name="test" duration-ms="74" started-at="2020-04-27T05:32:42 PDT" data-provider="Prime Numbers" finished-at="2020-04-27T05:32:42 PDT">
          <params>
            <param index="0">
              <value>
                <![CDATA[TC-01.33 (34 is not prime number)]]>
              </value>
            </param>
            <param index="1">
              <value>
                <![CDATA[34]]>
              </value>
            </param>
            <param index="2">
              <value>
                <![CDATA[false]]>
              </value>
            </param>
          </params>
          <reporter-output>
          </reporter-output>
        </test-method> <!-- test -->
        <test-method status="PASS" signature="test(java.lang.String, java.lang.String, java.lang.String)[pri:0, instance:core.PrimeNumberCheckerTest@751d3241]" name="test" duration-ms="25" started-at="2020-04-27T05:32:42 PDT" data-provider="Prime Numbers" finished-at="2020-04-27T05:32:42 PDT">
          <params>
            <param index="0">
              <value>
                <![CDATA[TC-01.34 (35 is not prime number)]]>
              </value>
            </param>
            <param index="1">
              <value>
                <![CDATA[35]]>
              </value>
            </param>
            <param index="2">
              <value>
                <![CDATA[false]]>
              </value>
            </param>
          </params>
          <reporter-output>
          </reporter-output>
        </test-method> <!-- test -->
        <test-method status="PASS" signature="test(java.lang.String, java.lang.String, java.lang.String)[pri:0, instance:core.PrimeNumberCheckerTest@751d3241]" name="test" duration-ms="25" started-at="2020-04-27T05:32:42 PDT" data-provider="Prime Numbers" finished-at="2020-04-27T05:32:42 PDT">
          <params>
            <param index="0">
              <value>
                <![CDATA[TC-01.35 (36 is not prime number)]]>
              </value>
            </param>
            <param index="1">
              <value>
                <![CDATA[36]]>
              </value>
            </param>
            <param index="2">
              <value>
                <![CDATA[false]]>
              </value>
            </param>
          </params>
          <reporter-output>
          </reporter-output>
        </test-method> <!-- test -->
        <test-method status="PASS" signature="test(java.lang.String, java.lang.String, java.lang.String)[pri:0, instance:core.PrimeNumberCheckerTest@751d3241]" name="test" duration-ms="27" started-at="2020-04-27T05:32:42 PDT" data-provider="Prime Numbers" finished-at="2020-04-27T05:32:42 PDT">
          <params>
            <param index="0">
              <value>
                <![CDATA[TC-01.36 (37 is prime number)]]>
              </value>
            </param>
            <param index="1">
              <value>
                <![CDATA[37]]>
              </value>
            </param>
            <param index="2">
              <value>
                <![CDATA[true]]>
              </value>
            </param>
          </params>
          <reporter-output>
          </reporter-output>
        </test-method> <!-- test -->
        <test-method status="PASS" signature="test(java.lang.String, java.lang.String, java.lang.String)[pri:0, instance:core.PrimeNumberCheckerTest@751d3241]" name="test" duration-ms="31" started-at="2020-04-27T05:32:42 PDT" data-provider="Prime Numbers" finished-at="2020-04-27T05:32:42 PDT">
          <params>
            <param index="0">
              <value>
                <![CDATA[TC-01.37 (38 is not prime number)]]>
              </value>
            </param>
            <param index="1">
              <value>
                <![CDATA[38]]>
              </value>
            </param>
            <param index="2">
              <value>
                <![CDATA[false]]>
              </value>
            </param>
          </params>
          <reporter-output>
          </reporter-output>
        </test-method> <!-- test -->
        <test-method status="PASS" signature="test(java.lang.String, java.lang.String, java.lang.String)[pri:0, instance:core.PrimeNumberCheckerTest@751d3241]" name="test" duration-ms="24" started-at="2020-04-27T05:32:42 PDT" data-provider="Prime Numbers" finished-at="2020-04-27T05:32:43 PDT">
          <params>
            <param index="0">
              <value>
                <![CDATA[TC-01.38 (39 is not prime number)]]>
              </value>
            </param>
            <param index="1">
              <value>
                <![CDATA[39]]>
              </value>
            </param>
            <param index="2">
              <value>
                <![CDATA[false]]>
              </value>
            </param>
          </params>
          <reporter-output>
          </reporter-output>
        </test-method> <!-- test -->
        <test-method status="PASS" signature="test(java.lang.String, java.lang.String, java.lang.String)[pri:0, instance:core.PrimeNumberCheckerTest@751d3241]" name="test" duration-ms="24" started-at="2020-04-27T05:32:43 PDT" data-provider="Prime Numbers" finished-at="2020-04-27T05:32:43 PDT">
          <params>
            <param index="0">
              <value>
                <![CDATA[TC-01.39 (40 is not prime number)]]>
              </value>
            </param>
            <param index="1">
              <value>
                <![CDATA[40]]>
              </value>
            </param>
            <param index="2">
              <value>
                <![CDATA[false]]>
              </value>
            </param>
          </params>
          <reporter-output>
          </reporter-output>
        </test-method> <!-- test -->
        <test-method status="PASS" signature="test(java.lang.String, java.lang.String, java.lang.String)[pri:0, instance:core.PrimeNumberCheckerTest@751d3241]" name="test" duration-ms="23" started-at="2020-04-27T05:32:43 PDT" data-provider="Prime Numbers" finished-at="2020-04-27T05:32:43 PDT">
          <params>
            <param index="0">
              <value>
                <![CDATA[TC-01.40 (41 is prime number)]]>
              </value>
            </param>
            <param index="1">
              <value>
                <![CDATA[41]]>
              </value>
            </param>
            <param index="2">
              <value>
                <![CDATA[true]]>
              </value>
            </param>
          </params>
          <reporter-output>
          </reporter-output>
        </test-method> <!-- test -->
        <test-method status="PASS" signature="test(java.lang.String, java.lang.String, java.lang.String)[pri:0, instance:core.PrimeNumberCheckerTest@751d3241]" name="test" duration-ms="48" started-at="2020-04-27T05:32:43 PDT" data-provider="Prime Numbers" finished-at="2020-04-27T05:32:43 PDT">
          <params>
            <param index="0">
              <value>
                <![CDATA[TC-01.41 (42 is not prime number)]]>
              </value>
            </param>
            <param index="1">
              <value>
                <![CDATA[42]]>
              </value>
            </param>
            <param index="2">
              <value>
                <![CDATA[false]]>
              </value>
            </param>
          </params>
          <reporter-output>
          </reporter-output>
        </test-method> <!-- test -->
        <test-method status="PASS" signature="test(java.lang.String, java.lang.String, java.lang.String)[pri:0, instance:core.PrimeNumberCheckerTest@751d3241]" name="test" duration-ms="37" started-at="2020-04-27T05:32:43 PDT" data-provider="Prime Numbers" finished-at="2020-04-27T05:32:43 PDT">
          <params>
            <param index="0">
              <value>
                <![CDATA[TC-01.42 (43 is prime number)]]>
              </value>
            </param>
            <param index="1">
              <value>
                <![CDATA[43]]>
              </value>
            </param>
            <param index="2">
              <value>
                <![CDATA[true]]>
              </value>
            </param>
          </params>
          <reporter-output>
          </reporter-output>
        </test-method> <!-- test -->
        <test-method status="PASS" signature="test(java.lang.String, java.lang.String, java.lang.String)[pri:0, instance:core.PrimeNumberCheckerTest@751d3241]" name="test" duration-ms="56" started-at="2020-04-27T05:32:43 PDT" data-provider="Prime Numbers" finished-at="2020-04-27T05:32:43 PDT">
          <params>
            <param index="0">
              <value>
                <![CDATA[TC-01.43 (44 is not prime number)]]>
              </value>
            </param>
            <param index="1">
              <value>
                <![CDATA[44]]>
              </value>
            </param>
            <param index="2">
              <value>
                <![CDATA[false]]>
              </value>
            </param>
          </params>
          <reporter-output>
          </reporter-output>
        </test-method> <!-- test -->
        <test-method status="PASS" signature="test(java.lang.String, java.lang.String, java.lang.String)[pri:0, instance:core.PrimeNumberCheckerTest@751d3241]" name="test" duration-ms="65" started-at="2020-04-27T05:32:43 PDT" data-provider="Prime Numbers" finished-at="2020-04-27T05:32:43 PDT">
          <params>
            <param index="0">
              <value>
                <![CDATA[TC-01.44 (45 is not prime number)]]>
              </value>
            </param>
            <param index="1">
              <value>
                <![CDATA[45]]>
              </value>
            </param>
            <param index="2">
              <value>
                <![CDATA[false]]>
              </value>
            </param>
          </params>
          <reporter-output>
          </reporter-output>
        </test-method> <!-- test -->
        <test-method status="PASS" signature="test(java.lang.String, java.lang.String, java.lang.String)[pri:0, instance:core.PrimeNumberCheckerTest@751d3241]" name="test" duration-ms="25" started-at="2020-04-27T05:32:43 PDT" data-provider="Prime Numbers" finished-at="2020-04-27T05:32:43 PDT">
          <params>
            <param index="0">
              <value>
                <![CDATA[TC-01.45 (46 is not prime number)]]>
              </value>
            </param>
            <param index="1">
              <value>
                <![CDATA[46]]>
              </value>
            </param>
            <param index="2">
              <value>
                <![CDATA[false]]>
              </value>
            </param>
          </params>
          <reporter-output>
          </reporter-output>
        </test-method> <!-- test -->
        <test-method status="PASS" signature="test(java.lang.String, java.lang.String, java.lang.String)[pri:0, instance:core.PrimeNumberCheckerTest@751d3241]" name="test" duration-ms="30" started-at="2020-04-27T05:32:43 PDT" data-provider="Prime Numbers" finished-at="2020-04-27T05:32:43 PDT">
          <params>
            <param index="0">
              <value>
                <![CDATA[TC-01.46 (47 is prime number)]]>
              </value>
            </param>
            <param index="1">
              <value>
                <![CDATA[47]]>
              </value>
            </param>
            <param index="2">
              <value>
                <![CDATA[true]]>
              </value>
            </param>
          </params>
          <reporter-output>
          </reporter-output>
        </test-method> <!-- test -->
        <test-method status="PASS" signature="test(java.lang.String, java.lang.String, java.lang.String)[pri:0, instance:core.PrimeNumberCheckerTest@751d3241]" name="test" duration-ms="9" started-at="2020-04-27T05:32:43 PDT" data-provider="Prime Numbers" finished-at="2020-04-27T05:32:43 PDT">
          <params>
            <param index="0">
              <value>
                <![CDATA[TC-01.47 (48 is not prime number)]]>
              </value>
            </param>
            <param index="1">
              <value>
                <![CDATA[48]]>
              </value>
            </param>
            <param index="2">
              <value>
                <![CDATA[false]]>
              </value>
            </param>
          </params>
          <reporter-output>
          </reporter-output>
        </test-method> <!-- test -->
        <test-method status="PASS" signature="test(java.lang.String, java.lang.String, java.lang.String)[pri:0, instance:core.PrimeNumberCheckerTest@751d3241]" name="test" duration-ms="50" started-at="2020-04-27T05:32:43 PDT" data-provider="Prime Numbers" finished-at="2020-04-27T05:32:43 PDT">
          <params>
            <param index="0">
              <value>
                <![CDATA[TC-01.48 (49 is not prime number)]]>
              </value>
            </param>
            <param index="1">
              <value>
                <![CDATA[49]]>
              </value>
            </param>
            <param index="2">
              <value>
                <![CDATA[false]]>
              </value>
            </param>
          </params>
          <reporter-output>
          </reporter-output>
        </test-method> <!-- test -->
        <test-method status="PASS" signature="test(java.lang.String, java.lang.String, java.lang.String)[pri:0, instance:core.PrimeNumberCheckerTest@751d3241]" name="test" duration-ms="23" started-at="2020-04-27T05:32:43 PDT" data-provider="Prime Numbers" finished-at="2020-04-27T05:32:43 PDT">
          <params>
            <param index="0">
              <value>
                <![CDATA[TC-01.49 (50 is not prime number)]]>
              </value>
            </param>
            <param index="1">
              <value>
                <![CDATA[50]]>
              </value>
            </param>
            <param index="2">
              <value>
                <![CDATA[false]]>
              </value>
            </param>
          </params>
          <reporter-output>
          </reporter-output>
        </test-method> <!-- test -->
        <test-method status="PASS" signature="test(java.lang.String, java.lang.String, java.lang.String)[pri:0, instance:core.PrimeNumberCheckerTest@751d3241]" name="test" duration-ms="22" started-at="2020-04-27T05:32:43 PDT" data-provider="Prime Numbers" finished-at="2020-04-27T05:32:43 PDT">
          <params>
            <param index="0">
              <value>
                <![CDATA[TC-01.50 (51 is not prime number)]]>
              </value>
            </param>
            <param index="1">
              <value>
                <![CDATA[51]]>
              </value>
            </param>
            <param index="2">
              <value>
                <![CDATA[false]]>
              </value>
            </param>
          </params>
          <reporter-output>
          </reporter-output>
        </test-method> <!-- test -->
        <test-method status="PASS" signature="test(java.lang.String, java.lang.String, java.lang.String)[pri:0, instance:core.PrimeNumberCheckerTest@751d3241]" name="test" duration-ms="25" started-at="2020-04-27T05:32:43 PDT" data-provider="Prime Numbers" finished-at="2020-04-27T05:32:43 PDT">
          <params>
            <param index="0">
              <value>
                <![CDATA[TC-01.51 (52 is not prime number)]]>
              </value>
            </param>
            <param index="1">
              <value>
                <![CDATA[52]]>
              </value>
            </param>
            <param index="2">
              <value>
                <![CDATA[false]]>
              </value>
            </param>
          </params>
          <reporter-output>
          </reporter-output>
        </test-method> <!-- test -->
        <test-method status="PASS" signature="test(java.lang.String, java.lang.String, java.lang.String)[pri:0, instance:core.PrimeNumberCheckerTest@751d3241]" name="test" duration-ms="28" started-at="2020-04-27T05:32:43 PDT" data-provider="Prime Numbers" finished-at="2020-04-27T05:32:43 PDT">
          <params>
            <param index="0">
              <value>
                <![CDATA[TC-01.52 (53 is prime number)]]>
              </value>
            </param>
            <param index="1">
              <value>
                <![CDATA[53]]>
              </value>
            </param>
            <param index="2">
              <value>
                <![CDATA[true]]>
              </value>
            </param>
          </params>
          <reporter-output>
          </reporter-output>
        </test-method> <!-- test -->
        <test-method status="PASS" signature="test(java.lang.String, java.lang.String, java.lang.String)[pri:0, instance:core.PrimeNumberCheckerTest@751d3241]" name="test" duration-ms="19" started-at="2020-04-27T05:32:43 PDT" data-provider="Prime Numbers" finished-at="2020-04-27T05:32:43 PDT">
          <params>
            <param index="0">
              <value>
                <![CDATA[TC-01.53 (54 is not prime number)]]>
              </value>
            </param>
            <param index="1">
              <value>
                <![CDATA[54]]>
              </value>
            </param>
            <param index="2">
              <value>
                <![CDATA[false]]>
              </value>
            </param>
          </params>
          <reporter-output>
          </reporter-output>
        </test-method> <!-- test -->
        <test-method status="PASS" signature="test(java.lang.String, java.lang.String, java.lang.String)[pri:0, instance:core.PrimeNumberCheckerTest@751d3241]" name="test" duration-ms="23" started-at="2020-04-27T05:32:43 PDT" data-provider="Prime Numbers" finished-at="2020-04-27T05:32:43 PDT">
          <params>
            <param index="0">
              <value>
                <![CDATA[TC-01.54 (55 is not prime number)]]>
              </value>
            </param>
            <param index="1">
              <value>
                <![CDATA[55]]>
              </value>
            </param>
            <param index="2">
              <value>
                <![CDATA[false]]>
              </value>
            </param>
          </params>
          <reporter-output>
          </reporter-output>
        </test-method> <!-- test -->
        <test-method status="PASS" signature="test(java.lang.String, java.lang.String, java.lang.String)[pri:0, instance:core.PrimeNumberCheckerTest@751d3241]" name="test" duration-ms="23" started-at="2020-04-27T05:32:43 PDT" data-provider="Prime Numbers" finished-at="2020-04-27T05:32:43 PDT">
          <params>
            <param index="0">
              <value>
                <![CDATA[TC-01.55 (56 is not prime number)]]>
              </value>
            </param>
            <param index="1">
              <value>
                <![CDATA[56]]>
              </value>
            </param>
            <param index="2">
              <value>
                <![CDATA[false]]>
              </value>
            </param>
          </params>
          <reporter-output>
          </reporter-output>
        </test-method> <!-- test -->
        <test-method status="PASS" signature="test(java.lang.String, java.lang.String, java.lang.String)[pri:0, instance:core.PrimeNumberCheckerTest@751d3241]" name="test" duration-ms="6" started-at="2020-04-27T05:32:43 PDT" data-provider="Prime Numbers" finished-at="2020-04-27T05:32:43 PDT">
          <params>
            <param index="0">
              <value>
                <![CDATA[TC-01.56 (57 is not prime number)]]>
              </value>
            </param>
            <param index="1">
              <value>
                <![CDATA[57]]>
              </value>
            </param>
            <param index="2">
              <value>
                <![CDATA[false]]>
              </value>
            </param>
          </params>
          <reporter-output>
          </reporter-output>
        </test-method> <!-- test -->
        <test-method status="PASS" signature="test(java.lang.String, java.lang.String, java.lang.String)[pri:0, instance:core.PrimeNumberCheckerTest@751d3241]" name="test" duration-ms="54" started-at="2020-04-27T05:32:43 PDT" data-provider="Prime Numbers" finished-at="2020-04-27T05:32:43 PDT">
          <params>
            <param index="0">
              <value>
                <![CDATA[TC-01.57 (58 is not prime number)]]>
              </value>
            </param>
            <param index="1">
              <value>
                <![CDATA[58]]>
              </value>
            </param>
            <param index="2">
              <value>
                <![CDATA[false]]>
              </value>
            </param>
          </params>
          <reporter-output>
          </reporter-output>
        </test-method> <!-- test -->
        <test-method status="PASS" signature="test(java.lang.String, java.lang.String, java.lang.String)[pri:0, instance:core.PrimeNumberCheckerTest@751d3241]" name="test" duration-ms="25" started-at="2020-04-27T05:32:43 PDT" data-provider="Prime Numbers" finished-at="2020-04-27T05:32:43 PDT">
          <params>
            <param index="0">
              <value>
                <![CDATA[TC-01.58 (59 is prime number)]]>
              </value>
            </param>
            <param index="1">
              <value>
                <![CDATA[59]]>
              </value>
            </param>
            <param index="2">
              <value>
                <![CDATA[true]]>
              </value>
            </param>
          </params>
          <reporter-output>
          </reporter-output>
        </test-method> <!-- test -->
        <test-method status="PASS" signature="test(java.lang.String, java.lang.String, java.lang.String)[pri:0, instance:core.PrimeNumberCheckerTest@751d3241]" name="test" duration-ms="23" started-at="2020-04-27T05:32:43 PDT" data-provider="Prime Numbers" finished-at="2020-04-27T05:32:43 PDT">
          <params>
            <param index="0">
              <value>
                <![CDATA[TC-01.59 (60 is not prime number)]]>
              </value>
            </param>
            <param index="1">
              <value>
                <![CDATA[60]]>
              </value>
            </param>
            <param index="2">
              <value>
                <![CDATA[false]]>
              </value>
            </param>
          </params>
          <reporter-output>
          </reporter-output>
        </test-method> <!-- test -->
        <test-method status="PASS" signature="test(java.lang.String, java.lang.String, java.lang.String)[pri:0, instance:core.PrimeNumberCheckerTest@751d3241]" name="test" duration-ms="41" started-at="2020-04-27T05:32:43 PDT" data-provider="Prime Numbers" finished-at="2020-04-27T05:32:44 PDT">
          <params>
            <param index="0">
              <value>
                <![CDATA[TC-01.60 (61 is prime number)]]>
              </value>
            </param>
            <param index="1">
              <value>
                <![CDATA[61]]>
              </value>
            </param>
            <param index="2">
              <value>
                <![CDATA[true]]>
              </value>
            </param>
          </params>
          <reporter-output>
          </reporter-output>
        </test-method> <!-- test -->
        <test-method status="PASS" signature="test(java.lang.String, java.lang.String, java.lang.String)[pri:0, instance:core.PrimeNumberCheckerTest@751d3241]" name="test" duration-ms="26" started-at="2020-04-27T05:32:44 PDT" data-provider="Prime Numbers" finished-at="2020-04-27T05:32:44 PDT">
          <params>
            <param index="0">
              <value>
                <![CDATA[TC-01.61 (62 is not prime number)]]>
              </value>
            </param>
            <param index="1">
              <value>
                <![CDATA[62]]>
              </value>
            </param>
            <param index="2">
              <value>
                <![CDATA[false]]>
              </value>
            </param>
          </params>
          <reporter-output>
          </reporter-output>
        </test-method> <!-- test -->
        <test-method status="PASS" signature="test(java.lang.String, java.lang.String, java.lang.String)[pri:0, instance:core.PrimeNumberCheckerTest@751d3241]" name="test" duration-ms="6" started-at="2020-04-27T05:32:44 PDT" data-provider="Prime Numbers" finished-at="2020-04-27T05:32:44 PDT">
          <params>
            <param index="0">
              <value>
                <![CDATA[TC-01.62 (63 is not prime number)]]>
              </value>
            </param>
            <param index="1">
              <value>
                <![CDATA[63]]>
              </value>
            </param>
            <param index="2">
              <value>
                <![CDATA[false]]>
              </value>
            </param>
          </params>
          <reporter-output>
          </reporter-output>
        </test-method> <!-- test -->
        <test-method status="PASS" signature="test(java.lang.String, java.lang.String, java.lang.String)[pri:0, instance:core.PrimeNumberCheckerTest@751d3241]" name="test" duration-ms="28" started-at="2020-04-27T05:32:44 PDT" data-provider="Prime Numbers" finished-at="2020-04-27T05:32:44 PDT">
          <params>
            <param index="0">
              <value>
                <![CDATA[TC-01.63 (64 is not prime number)]]>
              </value>
            </param>
            <param index="1">
              <value>
                <![CDATA[64]]>
              </value>
            </param>
            <param index="2">
              <value>
                <![CDATA[false]]>
              </value>
            </param>
          </params>
          <reporter-output>
          </reporter-output>
        </test-method> <!-- test -->
        <test-method status="PASS" signature="test(java.lang.String, java.lang.String, java.lang.String)[pri:0, instance:core.PrimeNumberCheckerTest@751d3241]" name="test" duration-ms="22" started-at="2020-04-27T05:32:44 PDT" data-provider="Prime Numbers" finished-at="2020-04-27T05:32:44 PDT">
          <params>
            <param index="0">
              <value>
                <![CDATA[TC-01.64 (65 is not prime number)]]>
              </value>
            </param>
            <param index="1">
              <value>
                <![CDATA[65]]>
              </value>
            </param>
            <param index="2">
              <value>
                <![CDATA[false]]>
              </value>
            </param>
          </params>
          <reporter-output>
          </reporter-output>
        </test-method> <!-- test -->
        <test-method status="PASS" signature="test(java.lang.String, java.lang.String, java.lang.String)[pri:0, instance:core.PrimeNumberCheckerTest@751d3241]" name="test" duration-ms="9" started-at="2020-04-27T05:32:44 PDT" data-provider="Prime Numbers" finished-at="2020-04-27T05:32:44 PDT">
          <params>
            <param index="0">
              <value>
                <![CDATA[TC-01.65 (66 is not prime number)]]>
              </value>
            </param>
            <param index="1">
              <value>
                <![CDATA[66]]>
              </value>
            </param>
            <param index="2">
              <value>
                <![CDATA[false]]>
              </value>
            </param>
          </params>
          <reporter-output>
          </reporter-output>
        </test-method> <!-- test -->
        <test-method status="PASS" signature="test(java.lang.String, java.lang.String, java.lang.String)[pri:0, instance:core.PrimeNumberCheckerTest@751d3241]" name="test" duration-ms="93" started-at="2020-04-27T05:32:44 PDT" data-provider="Prime Numbers" finished-at="2020-04-27T05:32:44 PDT">
          <params>
            <param index="0">
              <value>
                <![CDATA[TC-01.66 (67 is prime number)]]>
              </value>
            </param>
            <param index="1">
              <value>
                <![CDATA[67]]>
              </value>
            </param>
            <param index="2">
              <value>
                <![CDATA[true]]>
              </value>
            </param>
          </params>
          <reporter-output>
          </reporter-output>
        </test-method> <!-- test -->
        <test-method status="PASS" signature="test(java.lang.String, java.lang.String, java.lang.String)[pri:0, instance:core.PrimeNumberCheckerTest@751d3241]" name="test" duration-ms="7" started-at="2020-04-27T05:32:44 PDT" data-provider="Prime Numbers" finished-at="2020-04-27T05:32:44 PDT">
          <params>
            <param index="0">
              <value>
                <![CDATA[TC-01.67 (68 is not prime number)]]>
              </value>
            </param>
            <param index="1">
              <value>
                <![CDATA[68]]>
              </value>
            </param>
            <param index="2">
              <value>
                <![CDATA[false]]>
              </value>
            </param>
          </params>
          <reporter-output>
          </reporter-output>
        </test-method> <!-- test -->
        <test-method status="PASS" signature="test(java.lang.String, java.lang.String, java.lang.String)[pri:0, instance:core.PrimeNumberCheckerTest@751d3241]" name="test" duration-ms="22" started-at="2020-04-27T05:32:44 PDT" data-provider="Prime Numbers" finished-at="2020-04-27T05:32:44 PDT">
          <params>
            <param index="0">
              <value>
                <![CDATA[TC-01.68 (69 is not prime number)]]>
              </value>
            </param>
            <param index="1">
              <value>
                <![CDATA[69]]>
              </value>
            </param>
            <param index="2">
              <value>
                <![CDATA[false]]>
              </value>
            </param>
          </params>
          <reporter-output>
          </reporter-output>
        </test-method> <!-- test -->
        <test-method status="PASS" signature="test(java.lang.String, java.lang.String, java.lang.String)[pri:0, instance:core.PrimeNumberCheckerTest@751d3241]" name="test" duration-ms="24" started-at="2020-04-27T05:32:44 PDT" data-provider="Prime Numbers" finished-at="2020-04-27T05:32:44 PDT">
          <params>
            <param index="0">
              <value>
                <![CDATA[TC-01.69 (70 is not prime number)]]>
              </value>
            </param>
            <param index="1">
              <value>
                <![CDATA[70]]>
              </value>
            </param>
            <param index="2">
              <value>
                <![CDATA[false]]>
              </value>
            </param>
          </params>
          <reporter-output>
          </reporter-output>
        </test-method> <!-- test -->
        <test-method status="PASS" signature="test(java.lang.String, java.lang.String, java.lang.String)[pri:0, instance:core.PrimeNumberCheckerTest@751d3241]" name="test" duration-ms="44" started-at="2020-04-27T05:32:44 PDT" data-provider="Prime Numbers" finished-at="2020-04-27T05:32:44 PDT">
          <params>
            <param index="0">
              <value>
                <![CDATA[TC-01.70 (71 is prime number)]]>
              </value>
            </param>
            <param index="1">
              <value>
                <![CDATA[71]]>
              </value>
            </param>
            <param index="2">
              <value>
                <![CDATA[true]]>
              </value>
            </param>
          </params>
          <reporter-output>
          </reporter-output>
        </test-method> <!-- test -->
        <test-method status="PASS" signature="test(java.lang.String, java.lang.String, java.lang.String)[pri:0, instance:core.PrimeNumberCheckerTest@751d3241]" name="test" duration-ms="27" started-at="2020-04-27T05:32:44 PDT" data-provider="Prime Numbers" finished-at="2020-04-27T05:32:44 PDT">
          <params>
            <param index="0">
              <value>
                <![CDATA[TC-01.71 (72 is not prime number)]]>
              </value>
            </param>
            <param index="1">
              <value>
                <![CDATA[72]]>
              </value>
            </param>
            <param index="2">
              <value>
                <![CDATA[false]]>
              </value>
            </param>
          </params>
          <reporter-output>
          </reporter-output>
        </test-method> <!-- test -->
        <test-method status="PASS" signature="test(java.lang.String, java.lang.String, java.lang.String)[pri:0, instance:core.PrimeNumberCheckerTest@751d3241]" name="test" duration-ms="22" started-at="2020-04-27T05:32:44 PDT" data-provider="Prime Numbers" finished-at="2020-04-27T05:32:44 PDT">
          <params>
            <param index="0">
              <value>
                <![CDATA[TC-01.72 (73 is prime number)]]>
              </value>
            </param>
            <param index="1">
              <value>
                <![CDATA[73]]>
              </value>
            </param>
            <param index="2">
              <value>
                <![CDATA[true]]>
              </value>
            </param>
          </params>
          <reporter-output>
          </reporter-output>
        </test-method> <!-- test -->
        <test-method status="PASS" signature="test(java.lang.String, java.lang.String, java.lang.String)[pri:0, instance:core.PrimeNumberCheckerTest@751d3241]" name="test" duration-ms="18" started-at="2020-04-27T05:32:44 PDT" data-provider="Prime Numbers" finished-at="2020-04-27T05:32:44 PDT">
          <params>
            <param index="0">
              <value>
                <![CDATA[TC-01.73 (74 is not prime number)]]>
              </value>
            </param>
            <param index="1">
              <value>
                <![CDATA[74]]>
              </value>
            </param>
            <param index="2">
              <value>
                <![CDATA[false]]>
              </value>
            </param>
          </params>
          <reporter-output>
          </reporter-output>
        </test-method> <!-- test -->
        <test-method status="PASS" signature="test(java.lang.String, java.lang.String, java.lang.String)[pri:0, instance:core.PrimeNumberCheckerTest@751d3241]" name="test" duration-ms="7" started-at="2020-04-27T05:32:44 PDT" data-provider="Prime Numbers" finished-at="2020-04-27T05:32:44 PDT">
          <params>
            <param index="0">
              <value>
                <![CDATA[TC-01.74 (75 is not prime number)]]>
              </value>
            </param>
            <param index="1">
              <value>
                <![CDATA[75]]>
              </value>
            </param>
            <param index="2">
              <value>
                <![CDATA[false]]>
              </value>
            </param>
          </params>
          <reporter-output>
          </reporter-output>
        </test-method> <!-- test -->
        <test-method status="PASS" signature="test(java.lang.String, java.lang.String, java.lang.String)[pri:0, instance:core.PrimeNumberCheckerTest@751d3241]" name="test" duration-ms="6" started-at="2020-04-27T05:32:44 PDT" data-provider="Prime Numbers" finished-at="2020-04-27T05:32:44 PDT">
          <params>
            <param index="0">
              <value>
                <![CDATA[TC-01.75 (76 is not prime number)]]>
              </value>
            </param>
            <param index="1">
              <value>
                <![CDATA[76]]>
              </value>
            </param>
            <param index="2">
              <value>
                <![CDATA[false]]>
              </value>
            </param>
          </params>
          <reporter-output>
          </reporter-output>
        </test-method> <!-- test -->
        <test-method status="PASS" signature="test(java.lang.String, java.lang.String, java.lang.String)[pri:0, instance:core.PrimeNumberCheckerTest@751d3241]" name="test" duration-ms="31" started-at="2020-04-27T05:32:44 PDT" data-provider="Prime Numbers" finished-at="2020-04-27T05:32:44 PDT">
          <params>
            <param index="0">
              <value>
                <![CDATA[TC-01.76 (77 is not prime number)]]>
              </value>
            </param>
            <param index="1">
              <value>
                <![CDATA[77]]>
              </value>
            </param>
            <param index="2">
              <value>
                <![CDATA[false]]>
              </value>
            </param>
          </params>
          <reporter-output>
          </reporter-output>
        </test-method> <!-- test -->
        <test-method status="PASS" signature="test(java.lang.String, java.lang.String, java.lang.String)[pri:0, instance:core.PrimeNumberCheckerTest@751d3241]" name="test" duration-ms="8" started-at="2020-04-27T05:32:44 PDT" data-provider="Prime Numbers" finished-at="2020-04-27T05:32:44 PDT">
          <params>
            <param index="0">
              <value>
                <![CDATA[TC-01.77 (78 is not prime number)]]>
              </value>
            </param>
            <param index="1">
              <value>
                <![CDATA[78]]>
              </value>
            </param>
            <param index="2">
              <value>
                <![CDATA[false]]>
              </value>
            </param>
          </params>
          <reporter-output>
          </reporter-output>
        </test-method> <!-- test -->
        <test-method status="PASS" signature="test(java.lang.String, java.lang.String, java.lang.String)[pri:0, instance:core.PrimeNumberCheckerTest@751d3241]" name="test" duration-ms="44" started-at="2020-04-27T05:32:44 PDT" data-provider="Prime Numbers" finished-at="2020-04-27T05:32:44 PDT">
          <params>
            <param index="0">
              <value>
                <![CDATA[TC-01.78 (79 is prime number)]]>
              </value>
            </param>
            <param index="1">
              <value>
                <![CDATA[79]]>
              </value>
            </param>
            <param index="2">
              <value>
                <![CDATA[true]]>
              </value>
            </param>
          </params>
          <reporter-output>
          </reporter-output>
        </test-method> <!-- test -->
        <test-method status="PASS" signature="test(java.lang.String, java.lang.String, java.lang.String)[pri:0, instance:core.PrimeNumberCheckerTest@751d3241]" name="test" duration-ms="23" started-at="2020-04-27T05:32:44 PDT" data-provider="Prime Numbers" finished-at="2020-04-27T05:32:44 PDT">
          <params>
            <param index="0">
              <value>
                <![CDATA[TC-01.79 (80 is not prime number)]]>
              </value>
            </param>
            <param index="1">
              <value>
                <![CDATA[80]]>
              </value>
            </param>
            <param index="2">
              <value>
                <![CDATA[false]]>
              </value>
            </param>
          </params>
          <reporter-output>
          </reporter-output>
        </test-method> <!-- test -->
        <test-method status="PASS" signature="test(java.lang.String, java.lang.String, java.lang.String)[pri:0, instance:core.PrimeNumberCheckerTest@751d3241]" name="test" duration-ms="22" started-at="2020-04-27T05:32:44 PDT" data-provider="Prime Numbers" finished-at="2020-04-27T05:32:44 PDT">
          <params>
            <param index="0">
              <value>
                <![CDATA[TC-01.80 (81 is not prime number)]]>
              </value>
            </param>
            <param index="1">
              <value>
                <![CDATA[81]]>
              </value>
            </param>
            <param index="2">
              <value>
                <![CDATA[false]]>
              </value>
            </param>
          </params>
          <reporter-output>
          </reporter-output>
        </test-method> <!-- test -->
        <test-method status="PASS" signature="test(java.lang.String, java.lang.String, java.lang.String)[pri:0, instance:core.PrimeNumberCheckerTest@751d3241]" name="test" duration-ms="6" started-at="2020-04-27T05:32:44 PDT" data-provider="Prime Numbers" finished-at="2020-04-27T05:32:44 PDT">
          <params>
            <param index="0">
              <value>
                <![CDATA[TC-01.81 (82 is not prime number)]]>
              </value>
            </param>
            <param index="1">
              <value>
                <![CDATA[82]]>
              </value>
            </param>
            <param index="2">
              <value>
                <![CDATA[false]]>
              </value>
            </param>
          </params>
          <reporter-output>
          </reporter-output>
        </test-method> <!-- test -->
        <test-method status="PASS" signature="test(java.lang.String, java.lang.String, java.lang.String)[pri:0, instance:core.PrimeNumberCheckerTest@751d3241]" name="test" duration-ms="21" started-at="2020-04-27T05:32:45 PDT" data-provider="Prime Numbers" finished-at="2020-04-27T05:32:45 PDT">
          <params>
            <param index="0">
              <value>
                <![CDATA[TC-01.82 (83 is prime number)]]>
              </value>
            </param>
            <param index="1">
              <value>
                <![CDATA[83]]>
              </value>
            </param>
            <param index="2">
              <value>
                <![CDATA[true]]>
              </value>
            </param>
          </params>
          <reporter-output>
          </reporter-output>
        </test-method> <!-- test -->
        <test-method status="PASS" signature="test(java.lang.String, java.lang.String, java.lang.String)[pri:0, instance:core.PrimeNumberCheckerTest@751d3241]" name="test" duration-ms="22" started-at="2020-04-27T05:32:45 PDT" data-provider="Prime Numbers" finished-at="2020-04-27T05:32:45 PDT">
          <params>
            <param index="0">
              <value>
                <![CDATA[TC-01.83 (84 is not prime number)]]>
              </value>
            </param>
            <param index="1">
              <value>
                <![CDATA[84]]>
              </value>
            </param>
            <param index="2">
              <value>
                <![CDATA[false]]>
              </value>
            </param>
          </params>
          <reporter-output>
          </reporter-output>
        </test-method> <!-- test -->
        <test-method status="PASS" signature="test(java.lang.String, java.lang.String, java.lang.String)[pri:0, instance:core.PrimeNumberCheckerTest@751d3241]" name="test" duration-ms="94" started-at="2020-04-27T05:32:45 PDT" data-provider="Prime Numbers" finished-at="2020-04-27T05:32:45 PDT">
          <params>
            <param index="0">
              <value>
                <![CDATA[TC-01.84 (85 is not prime number)]]>
              </value>
            </param>
            <param index="1">
              <value>
                <![CDATA[85]]>
              </value>
            </param>
            <param index="2">
              <value>
                <![CDATA[false]]>
              </value>
            </param>
          </params>
          <reporter-output>
          </reporter-output>
        </test-method> <!-- test -->
        <test-method status="PASS" signature="test(java.lang.String, java.lang.String, java.lang.String)[pri:0, instance:core.PrimeNumberCheckerTest@751d3241]" name="test" duration-ms="14" started-at="2020-04-27T05:32:45 PDT" data-provider="Prime Numbers" finished-at="2020-04-27T05:32:45 PDT">
          <params>
            <param index="0">
              <value>
                <![CDATA[TC-01.85 (86 is not prime number)]]>
              </value>
            </param>
            <param index="1">
              <value>
                <![CDATA[86]]>
              </value>
            </param>
            <param index="2">
              <value>
                <![CDATA[false]]>
              </value>
            </param>
          </params>
          <reporter-output>
          </reporter-output>
        </test-method> <!-- test -->
        <test-method status="PASS" signature="test(java.lang.String, java.lang.String, java.lang.String)[pri:0, instance:core.PrimeNumberCheckerTest@751d3241]" name="test" duration-ms="28" started-at="2020-04-27T05:32:45 PDT" data-provider="Prime Numbers" finished-at="2020-04-27T05:32:45 PDT">
          <params>
            <param index="0">
              <value>
                <![CDATA[TC-01.86 (87 is not prime number)]]>
              </value>
            </param>
            <param index="1">
              <value>
                <![CDATA[87]]>
              </value>
            </param>
            <param index="2">
              <value>
                <![CDATA[false]]>
              </value>
            </param>
          </params>
          <reporter-output>
          </reporter-output>
        </test-method> <!-- test -->
        <test-method status="PASS" signature="test(java.lang.String, java.lang.String, java.lang.String)[pri:0, instance:core.PrimeNumberCheckerTest@751d3241]" name="test" duration-ms="11" started-at="2020-04-27T05:32:45 PDT" data-provider="Prime Numbers" finished-at="2020-04-27T05:32:45 PDT">
          <params>
            <param index="0">
              <value>
                <![CDATA[TC-01.87 (88 is not prime number)]]>
              </value>
            </param>
            <param index="1">
              <value>
                <![CDATA[88]]>
              </value>
            </param>
            <param index="2">
              <value>
                <![CDATA[false]]>
              </value>
            </param>
          </params>
          <reporter-output>
          </reporter-output>
        </test-method> <!-- test -->
        <test-method status="PASS" signature="test(java.lang.String, java.lang.String, java.lang.String)[pri:0, instance:core.PrimeNumberCheckerTest@751d3241]" name="test" duration-ms="6" started-at="2020-04-27T05:32:45 PDT" data-provider="Prime Numbers" finished-at="2020-04-27T05:32:45 PDT">
          <params>
            <param index="0">
              <value>
                <![CDATA[TC-01.88 (89 is prime number)]]>
              </value>
            </param>
            <param index="1">
              <value>
                <![CDATA[89]]>
              </value>
            </param>
            <param index="2">
              <value>
                <![CDATA[true]]>
              </value>
            </param>
          </params>
          <reporter-output>
          </reporter-output>
        </test-method> <!-- test -->
        <test-method status="PASS" signature="test(java.lang.String, java.lang.String, java.lang.String)[pri:0, instance:core.PrimeNumberCheckerTest@751d3241]" name="test" duration-ms="25" started-at="2020-04-27T05:32:45 PDT" data-provider="Prime Numbers" finished-at="2020-04-27T05:32:45 PDT">
          <params>
            <param index="0">
              <value>
                <![CDATA[TC-01.89 (90 is not prime number)]]>
              </value>
            </param>
            <param index="1">
              <value>
                <![CDATA[90]]>
              </value>
            </param>
            <param index="2">
              <value>
                <![CDATA[false]]>
              </value>
            </param>
          </params>
          <reporter-output>
          </reporter-output>
        </test-method> <!-- test -->
        <test-method status="PASS" signature="test(java.lang.String, java.lang.String, java.lang.String)[pri:0, instance:core.PrimeNumberCheckerTest@751d3241]" name="test" duration-ms="24" started-at="2020-04-27T05:32:45 PDT" data-provider="Prime Numbers" finished-at="2020-04-27T05:32:45 PDT">
          <params>
            <param index="0">
              <value>
                <![CDATA[TC-01.90 (91 is not prime number)]]>
              </value>
            </param>
            <param index="1">
              <value>
                <![CDATA[91]]>
              </value>
            </param>
            <param index="2">
              <value>
                <![CDATA[false]]>
              </value>
            </param>
          </params>
          <reporter-output>
          </reporter-output>
        </test-method> <!-- test -->
        <test-method status="PASS" signature="test(java.lang.String, java.lang.String, java.lang.String)[pri:0, instance:core.PrimeNumberCheckerTest@751d3241]" name="test" duration-ms="5" started-at="2020-04-27T05:32:45 PDT" data-provider="Prime Numbers" finished-at="2020-04-27T05:32:45 PDT">
          <params>
            <param index="0">
              <value>
                <![CDATA[TC-01.91 (92 is not prime number)]]>
              </value>
            </param>
            <param index="1">
              <value>
                <![CDATA[92]]>
              </value>
            </param>
            <param index="2">
              <value>
                <![CDATA[false]]>
              </value>
            </param>
          </params>
          <reporter-output>
          </reporter-output>
        </test-method> <!-- test -->
        <test-method status="PASS" signature="test(java.lang.String, java.lang.String, java.lang.String)[pri:0, instance:core.PrimeNumberCheckerTest@751d3241]" name="test" duration-ms="7" started-at="2020-04-27T05:32:45 PDT" data-provider="Prime Numbers" finished-at="2020-04-27T05:32:45 PDT">
          <params>
            <param index="0">
              <value>
                <![CDATA[TC-01.92 (93 is not prime number)]]>
              </value>
            </param>
            <param index="1">
              <value>
                <![CDATA[93]]>
              </value>
            </param>
            <param index="2">
              <value>
                <![CDATA[false]]>
              </value>
            </param>
          </params>
          <reporter-output>
          </reporter-output>
        </test-method> <!-- test -->
        <test-method status="PASS" signature="test(java.lang.String, java.lang.String, java.lang.String)[pri:0, instance:core.PrimeNumberCheckerTest@751d3241]" name="test" duration-ms="23" started-at="2020-04-27T05:32:45 PDT" data-provider="Prime Numbers" finished-at="2020-04-27T05:32:45 PDT">
          <params>
            <param index="0">
              <value>
                <![CDATA[TC-01.93 (94 is not prime number)]]>
              </value>
            </param>
            <param index="1">
              <value>
                <![CDATA[94]]>
              </value>
            </param>
            <param index="2">
              <value>
                <![CDATA[false]]>
              </value>
            </param>
          </params>
          <reporter-output>
          </reporter-output>
        </test-method> <!-- test -->
        <test-method status="PASS" signature="test(java.lang.String, java.lang.String, java.lang.String)[pri:0, instance:core.PrimeNumberCheckerTest@751d3241]" name="test" duration-ms="22" started-at="2020-04-27T05:32:45 PDT" data-provider="Prime Numbers" finished-at="2020-04-27T05:32:45 PDT">
          <params>
            <param index="0">
              <value>
                <![CDATA[TC-01.94 (95 is not prime number)]]>
              </value>
            </param>
            <param index="1">
              <value>
                <![CDATA[95]]>
              </value>
            </param>
            <param index="2">
              <value>
                <![CDATA[false]]>
              </value>
            </param>
          </params>
          <reporter-output>
          </reporter-output>
        </test-method> <!-- test -->
        <test-method status="PASS" signature="test(java.lang.String, java.lang.String, java.lang.String)[pri:0, instance:core.PrimeNumberCheckerTest@751d3241]" name="test" duration-ms="16" started-at="2020-04-27T05:32:45 PDT" data-provider="Prime Numbers" finished-at="2020-04-27T05:32:45 PDT">
          <params>
            <param index="0">
              <value>
                <![CDATA[TC-01.95 (96 is not prime number)]]>
              </value>
            </param>
            <param index="1">
              <value>
                <![CDATA[96]]>
              </value>
            </param>
            <param index="2">
              <value>
                <![CDATA[false]]>
              </value>
            </param>
          </params>
          <reporter-output>
          </reporter-output>
        </test-method> <!-- test -->
        <test-method status="PASS" signature="test(java.lang.String, java.lang.String, java.lang.String)[pri:0, instance:core.PrimeNumberCheckerTest@751d3241]" name="test" duration-ms="34" started-at="2020-04-27T05:32:45 PDT" data-provider="Prime Numbers" finished-at="2020-04-27T05:32:45 PDT">
          <params>
            <param index="0">
              <value>
                <![CDATA[TC-01.96 (97 is prime number)]]>
              </value>
            </param>
            <param index="1">
              <value>
                <![CDATA[97]]>
              </value>
            </param>
            <param index="2">
              <value>
                <![CDATA[true]]>
              </value>
            </param>
          </params>
          <reporter-output>
          </reporter-output>
        </test-method> <!-- test -->
        <test-method status="PASS" signature="test(java.lang.String, java.lang.String, java.lang.String)[pri:0, instance:core.PrimeNumberCheckerTest@751d3241]" name="test" duration-ms="18" started-at="2020-04-27T05:32:45 PDT" data-provider="Prime Numbers" finished-at="2020-04-27T05:32:45 PDT">
          <params>
            <param index="0">
              <value>
                <![CDATA[TC-01.97 (98 is not prime number)]]>
              </value>
            </param>
            <param index="1">
              <value>
                <![CDATA[98]]>
              </value>
            </param>
            <param index="2">
              <value>
                <![CDATA[false]]>
              </value>
            </param>
          </params>
          <reporter-output>
          </reporter-output>
        </test-method> <!-- test -->
        <test-method status="PASS" signature="test(java.lang.String, java.lang.String, java.lang.String)[pri:0, instance:core.PrimeNumberCheckerTest@751d3241]" name="test" duration-ms="11" started-at="2020-04-27T05:32:45 PDT" data-provider="Prime Numbers" finished-at="2020-04-27T05:32:45 PDT">
          <params>
            <param index="0">
              <value>
                <![CDATA[TC-01.98 (99 is not prime number)]]>
              </value>
            </param>
            <param index="1">
              <value>
                <![CDATA[99]]>
              </value>
            </param>
            <param index="2">
              <value>
                <![CDATA[false]]>
              </value>
            </param>
          </params>
          <reporter-output>
          </reporter-output>
        </test-method> <!-- test -->
        <test-method status="PASS" signature="test(java.lang.String, java.lang.String, java.lang.String)[pri:0, instance:core.PrimeNumberCheckerTest@751d3241]" name="test" duration-ms="5" started-at="2020-04-27T05:32:45 PDT" data-provider="Prime Numbers" finished-at="2020-04-27T05:32:45 PDT">
          <params>
            <param index="0">
              <value>
                <![CDATA[TC-01.99 (100 is not prime number)]]>
              </value>
            </param>
            <param index="1">
              <value>
                <![CDATA[100]]>
              </value>
            </param>
            <param index="2">
              <value>
                <![CDATA[false]]>
              </value>
            </param>
          </params>
          <reporter-output>
          </reporter-output>
        </test-method> <!-- test -->
      </class> <!-- core.PrimeNumberCheckerTest -->
    </test> <!-- Default test -->
  </suite> <!-- Default suite -->
</testng-results>
